<?xml version="1.0" encoding="UTF-8"?>
<!-- Generated by org.testng.reporters.JUnitXMLReporter -->
<testsuite ignored="0" hostname="LAPTOP-1FK3MS3J" failures="0" tests="6" name="Amaz" time="0.077" errors="0" timestamp="2023-02-14T13:17:59 IST">
  <testcase classname="test.AmazonHomePage" name="homepage" time="0.014"/>
  <testcase classname="test.AmazonHomePage" name="homepage2" time="0.002"/>
  <testcase classname="test.AmazonHomePage" name="homepage3" time="0.002"/>
  <testcase classname="test.AmazonLoginPage" name="loginpage" time="0.001"/>
  <testcase classname="test.AmazonLoginPage" name="loginpage2" time="0.001"/>
  <testcase classname="test.AmazonLoginPage" name="loginpage3" time="0.001"/>
</testsuite> <!-- Amaz -->
