<?xml version="1.0" encoding="UTF-8"?>
<!-- Generated by org.testng.reporters.JUnitXMLReporter -->
<testsuite ignored="0" hostname="LAPTOP-1FK3MS3J" failures="0" tests="5" name="homepage" time="0.058" errors="0" timestamp="2023-02-13T19:57:12 IST">
  <testcase classname="test.cls1" name="add" time="0.012"/>
  <testcase classname="test.cls1" name="adde" time="0.001"/>
  <testcase classname="test.cls1" name="addf" time="0.002"/>
  <testcase classname="test.Cls2" name="add" time="0.001"/>
  <testcase classname="test.Cls3" name="add" time="0.001"/>
</testsuite> <!-- homepage -->
