<?xml version="1.0" encoding="UTF-8"?>
<!-- Generated by org.testng.reporters.JUnitXMLReporter -->
<testsuite ignored="0" hostname="LAPTOP-1FK3MS3J" failures="0" tests="3" name="sanity" time="0.011" errors="0" timestamp="2023-02-14T15:24:42 IST">
  <testcase classname="test.AmazonHomePage" name="homepage" time="0.001"/>
  <testcase classname="test.AmazonHomePage" name="homepage2" time="0.001"/>
  <testcase classname="test.AmazonHomePage" name="homepage3" time="0.001"/>
</testsuite> <!-- sanity -->
